<?xml version="1.0" encoding="UTF-8"?>
<!-- Generated by org.testng.reporters.JUnitXMLReporter -->
<testsuite ignored="0" hostname="Sachi" failures="0" tests="3" name="Test" time="28.701" errors="0" timestamp="2025-11-26T14:34:39 GMT">
  <testcase classname="PracticeSelenium.BritishArways.SearchitemTest" name="testWithArrayList" time="7.496"/>
  <testcase classname="PracticeSelenium.BritishArways.SearchitemTest" name="testWithArrayList" time="6.869"/>
  <testcase classname="PracticeSelenium.BritishArways.SearchitemTest" name="testWithArrayList" time="7.545"/>
</testsuite> <!-- Test -->
