<?xml version="1.0" encoding="UTF-8"?>
<testng-results ignored="0" total="3" passed="3" failed="0" skipped="0">
  <reporter-output>
  </reporter-output>
  <suite started-at="2025-11-26T14:34:10 GMT" name="Suite" finished-at="2025-11-26T14:34:38 GMT" duration-ms="28701">
    <groups>
    </groups>
    <test started-at="2025-11-26T14:34:10 GMT" name="Test" finished-at="2025-11-26T14:34:38 GMT" duration-ms="28701">
      <class name="PracticeSelenium.BritishArways.SearchitemTest">
        <test-method is-config="true" signature="setup()[pri:0, instance:PracticeSelenium.BritishArways.SearchitemTest@4efac082]" started-at="2025-11-26T14:34:11 GMT" name="setup" finished-at="2025-11-26T14:34:13 GMT" duration-ms="2475" status="PASS">
          <reporter-output>
          </reporter-output>
        </test-method> <!-- setup -->
        <test-method signature="testWithArrayList(java.lang.String)[pri:0, instance:PracticeSelenium.BritishArways.SearchitemTest@4efac082]" started-at="2025-11-26T14:34:13 GMT" name="testWithArrayList" data-provider="arrayListProvider" finished-at="2025-11-26T14:34:21 GMT" duration-ms="7496" status="PASS">
          <params>
            <param index="0">
              <value>
                <![CDATA[jacket]]>
              </value>
            </param>
          </params>
          <reporter-output>
          </reporter-output>
        </test-method> <!-- testWithArrayList -->
        <test-method is-config="true" signature="setup()[pri:0, instance:PracticeSelenium.BritishArways.SearchitemTest@4efac082]" started-at="2025-11-26T14:34:21 GMT" name="setup" finished-at="2025-11-26T14:34:22 GMT" duration-ms="1468" status="PASS">
          <reporter-output>
          </reporter-output>
        </test-method> <!-- setup -->
        <test-method signature="testWithArrayList(java.lang.String)[pri:0, instance:PracticeSelenium.BritishArways.SearchitemTest@4efac082]" started-at="2025-11-26T14:34:22 GMT" name="testWithArrayList" data-provider="arrayListProvider" finished-at="2025-11-26T14:34:29 GMT" duration-ms="6869" status="PASS">
          <params>
            <param index="0">
              <value>
                <![CDATA[trousers]]>
              </value>
            </param>
          </params>
          <reporter-output>
          </reporter-output>
        </test-method> <!-- testWithArrayList -->
        <test-method is-config="true" signature="setup()[pri:0, instance:PracticeSelenium.BritishArways.SearchitemTest@4efac082]" started-at="2025-11-26T14:34:29 GMT" name="setup" finished-at="2025-11-26T14:34:31 GMT" duration-ms="1658" status="PASS">
          <reporter-output>
          </reporter-output>
        </test-method> <!-- setup -->
        <test-method signature="testWithArrayList(java.lang.String)[pri:0, instance:PracticeSelenium.BritishArways.SearchitemTest@4efac082]" started-at="2025-11-26T14:34:31 GMT" name="testWithArrayList" data-provider="arrayListProvider" finished-at="2025-11-26T14:34:38 GMT" duration-ms="7545" status="PASS">
          <params>
            <param index="0">
              <value>
                <![CDATA[ball]]>
              </value>
            </param>
          </params>
          <reporter-output>
          </reporter-output>
        </test-method> <!-- testWithArrayList -->
      </class> <!-- PracticeSelenium.BritishArways.SearchitemTest -->
    </test> <!-- Test -->
  </suite> <!-- Suite -->
</testng-results>
