<?xml version="1.0" encoding="UTF-8"?>
<testng-results ignored="0" total="1" passed="1" failed="0" skipped="0">
  <reporter-output>
  </reporter-output>
  <suite started-at="2025-11-25T12:53:03 GMT" name="Suite" finished-at="2025-11-25T12:53:05 GMT" duration-ms="1291">
    <groups>
    </groups>
    <test started-at="2025-11-25T12:53:03 GMT" name="Test" finished-at="2025-11-25T12:53:05 GMT" duration-ms="1291">
      <class name="PracticeSelenium.BritishArways.MySQLTest">
        <test-method signature="getdatafromMySql()[pri:0, instance:PracticeSelenium.BritishArways.MySQLTest@6c6cb480]" started-at="2025-11-25T12:53:03 GMT" name="getdatafromMySql" finished-at="2025-11-25T12:53:05 GMT" duration-ms="1209" status="PASS">
          <reporter-output>
          </reporter-output>
        </test-method> <!-- getdatafromMySql -->
      </class> <!-- PracticeSelenium.BritishArways.MySQLTest -->
    </test> <!-- Test -->
  </suite> <!-- Suite -->
</testng-results>
