<?xml version="1.0" encoding="UTF-8"?>
<!-- Generated by org.testng.reporters.JUnitReportReporter -->
<testsuite hostname="Sachi" failures="0" tests="3" name="PracticeSelenium.BritishArways.SearchitemTest" time="27.930" errors="0" timestamp="2025-11-22T16:20:58 GMT" skipped="0">
  <testcase classname="PracticeSelenium.BritishArways.SearchitemTest" name="testWithArrayList" time="8.682"/>
  <testcase classname="PracticeSelenium.BritishArways.SearchitemTest" name="testWithArrayList" time="10.903"/>
  <testcase classname="PracticeSelenium.BritishArways.SearchitemTest" name="testWithArrayList" time="8.345"/>
</testsuite> <!-- PracticeSelenium.BritishArways.SearchitemTest -->
