<?xml version="1.0" encoding="UTF-8"?>
<!-- Generated by org.testng.reporters.JUnitReportReporter -->
<testsuite hostname="Sachi" failures="0" tests="2" name="PracticeSelenium.BritishArways.tryGroup" time="0.004" errors="0" timestamp="2025-11-22T21:35:27 GMT" skipped="0">
  <testcase classname="PracticeSelenium.BritishArways.tryGroup" name="category" time="0.002"/>
  <testcase classname="PracticeSelenium.BritishArways.tryGroup" name="noncategory" time="0.002"/>
</testsuite> <!-- PracticeSelenium.BritishArways.tryGroup -->
