<?xml version="1.0" encoding="UTF-8"?>
<!-- Generated by org.testng.reporters.JUnitReportReporter -->
<testsuite hostname="Sachi" failures="0" tests="3" name="PracticeSelenium.BritishArways.SearchitemTest" time="27.511" errors="0" timestamp="2025-11-26T14:34:39 GMT" skipped="0">
  <testcase classname="PracticeSelenium.BritishArways.SearchitemTest" name="testWithArrayList" time="8.964"/>
  <testcase classname="PracticeSelenium.BritishArways.SearchitemTest" name="testWithArrayList" time="8.527"/>
  <testcase classname="PracticeSelenium.BritishArways.SearchitemTest" name="testWithArrayList" time="10.020"/>
</testsuite> <!-- PracticeSelenium.BritishArways.SearchitemTest -->
